<?xml version="1.0" encoding="UTF-8"?>
<!-- Generated by org.testng.reporters.JUnitReportReporter -->
<testsuite hostname="DESKTOP-RB81OP1" failures="0" tests="8" name="ui.DateProvider" time="0.015" errors="0" timestamp="2021-06-18T17:07:16 IST" skipped="0">
  <testcase classname="ui.DateProvider" name="test" time="0.000"/>
  <system-out/>
  <testcase classname="ui.DateProvider" name="test" time="0.001"/>
  <system-out/>
  <testcase classname="ui.DateProvider" name="test" time="0.002"/>
  <system-out/>
  <testcase classname="ui.DateProvider" name="test" time="0.000"/>
  <system-out/>
  <testcase classname="ui.DateProvider" name="test" time="0.004"/>
  <system-out/>
  <testcase classname="ui.DateProvider" name="test" time="0.000"/>
  <system-out/>
  <testcase classname="ui.DateProvider" name="test" time="0.007"/>
  <system-out/>
  <testcase classname="ui.DateProvider" name="test" time="0.001"/>
  <system-out/>
</testsuite> <!-- ui.DateProvider -->
