<?xml version="1.0" encoding="UTF-8"?>
<!-- Generated by org.testng.reporters.JUnitReportReporter -->
<testsuite hostname="DESKTOP-RB81OP1" failures="0" tests="4" name="ui.BeforeAfterClass2" time="0.020" errors="0" timestamp="2021-06-17T16:32:16 IST" skipped="0">
  <testcase classname="ui.BeforeAfterClass2" name="dTest" time="0.002"/>
  <system-out/>
  <testcase classname="ui.BeforeAfterClass2" name="cTest" time="0.009"/>
  <system-out/>
  <testcase classname="ui.BeforeAfterClass2" name="aTest" time="0.003"/>
  <system-out/>
  <testcase classname="ui.BeforeAfterClass2" name="bTest" time="0.006"/>
  <system-out/>
</testsuite> <!-- ui.BeforeAfterClass2 -->
