<?xml version="1.0" encoding="UTF-8"?>
<!-- Generated by org.testng.reporters.JUnitReportReporter -->
<testsuite hostname="DESKTOP-RB81OP1" failures="0" tests="2" name="ui.Login" time="0.008" errors="0" timestamp="2021-06-16T15:30:22 IST" skipped="0">
  <testcase classname="ui.Login" name="bTest" time="0.006"/>
  <system-out/>
  <testcase classname="ui.Login" name="aTest" time="0.002"/>
  <system-out/>
</testsuite> <!-- ui.Login -->
