<?xml version="1.0" encoding="UTF-8"?>
<!-- Generated by org.testng.reporters.JUnitReportReporter -->
<testsuite hostname="DESKTOP-RB81OP1" failures="0" tests="4" name="ui.DataProviderUse" time="27.471" errors="0" timestamp="2021-06-18T18:35:44 IST" skipped="0">
  <testcase classname="ui.DataProviderUse" name="test" time="13.210"/>
  <system-out/>
  <testcase classname="ui.DataProviderUse" name="test" time="4.121"/>
  <system-out/>
  <testcase classname="ui.DataProviderUse" name="test" time="5.705"/>
  <system-out/>
  <testcase classname="ui.DataProviderUse" name="test" time="4.435"/>
  <system-out/>
</testsuite> <!-- ui.DataProviderUse -->
