<?xml version="1.0" encoding="UTF-8"?>
<!-- Generated by org.testng.reporters.JUnitReportReporter -->
<testsuite hostname="DESKTOP-RB81OP1" failures="0" tests="1" name="ui.ListenerTestCase" time="3.373" errors="0" timestamp="2021-05-21T14:32:40 IST" skipped="0">
  <testcase classname="ui.ListenerTestCase" name="launchApp" time="3.373"/>
  <system-out/>
</testsuite> <!-- ui.ListenerTestCase -->
