<?xml version="1.0" encoding="UTF-8"?>
<!-- Generated by org.testng.reporters.JUnitReportReporter -->
<testsuite hostname="DESKTOP-RB81OP1" failures="0" tests="1" name="ui.SoftAssert" time="8.252" errors="0" timestamp="2021-06-17T12:03:32 IST" skipped="0">
  <testcase classname="ui.SoftAssert" name="titleTest" time="8.252"/>
  <system-out/>
</testsuite> <!-- ui.SoftAssert -->
