<?xml version="1.0" encoding="UTF-8"?>
<!-- Generated by org.testng.reporters.JUnitReportReporter -->
<testsuite hostname="DESKTOP-RB81OP1" failures="0" tests="3" name="ui.BeforeAfterClass" time="0.010" errors="0" timestamp="2021-06-17T16:21:15 IST" skipped="0">
  <testcase classname="ui.BeforeAfterClass" name="cTest" time="0.007"/>
  <system-out/>
  <testcase classname="ui.BeforeAfterClass" name="aTest" time="0.002"/>
  <system-out/>
  <testcase classname="ui.BeforeAfterClass" name="bTest" time="0.001"/>
  <system-out/>
</testsuite> <!-- ui.BeforeAfterClass -->
