<?xml version="1.0" encoding="UTF-8"?>
<!-- Generated by org.testng.reporters.JUnitReportReporter -->
<testsuite hostname="DESKTOP-RB81OP1" failures="0" tests="1" name="ui.LoginTest" time="15.703" errors="0" timestamp="2021-05-21T11:25:23 IST" skipped="0">
  <testcase classname="ui.LoginTest" name="launchApplication" time="15.703"/>
  <system-out/>
</testsuite> <!-- ui.LoginTest -->
